01/08/2011 23:59:26 - 1012	M	918,-1,lavive_01
01/08/2011 23:59:41 - 1012	M	918,-1,lavive_01
01/09/2011 00:01:47 - 150006	P	530,1,0,0,0,0,0,lavive_10
01/09/2011 00:01:48 - 150006	P	530,1,0,0,0,0,0,lavive_10
01/09/2011 00:01:49 - 150006	P	7050,1,0,0,0,0,0,lavive_10
01/09/2011 00:01:51 - 150006	P	7050,1,0,0,0,0,0,lavive_10
01/09/2011 00:01:56 - 150006	C	530,-1,0,0,0,0,0,lavive_10
01/09/2011 00:05:45 - 1028	M	932,-1,lavive_10
01/09/2011 00:05:45 - 1028	M	932,-1,lavive_10
01/09/2011 00:05:45 - 1016	M	1752,-1,lavive_10
01/09/2011 00:05:45 - 1291	M	1059,-1,lavive_10
01/09/2011 00:05:45 - 1290	M	7068,-1,lavive_10
01/09/2011 00:05:45 - 1291	M	1059,-1,lavive_10
01/09/2011 00:05:45 - 1291	M	1059,-1,lavive_10
01/09/2011 00:05:45 - 1028	M	932,-1,lavive_10
01/09/2011 00:05:45 - 1016	M	932,-1,lavive_10
01/09/2011 00:07:23 - 1018	M	924,-1,la_fild01
01/09/2011 00:07:23 - 1018	M	924,-1,la_fild01
01/09/2011 00:07:23 - 1018	M	924,-1,la_fild01
01/09/2011 00:07:23 - 1018	M	924,-1,la_fild01
01/09/2011 00:07:23 - 1005	M	913,-1,la_fild01
01/09/2011 00:07:23 - 1018	M	924,-1,la_fild01
01/09/2011 00:07:23 - 1293	M	924,-1,la_fild01
01/09/2011 00:07:23 - 1018	M	924,-1,la_fild01
01/09/2011 00:07:23 - 1005	M	913,-1,la_fild01
01/09/2011 00:07:23 - 1018	M	924,-1,la_fild01
01/09/2011 00:07:23 - 1018	M	924,-1,la_fild01
01/09/2011 00:07:23 - 1293	M	518,-1,la_fild01
01/09/2011 00:07:23 - 1018	M	924,-1,la_fild01
01/09/2011 00:07:23 - 1293	M	924,-1,la_fild01
01/09/2011 00:07:23 - 1005	M	507,-1,la_fild01
01/09/2011 00:09:08 - 1005	M	913,-1,la_fild01
01/09/2011 00:09:13 - 1005	M	913,-1,la_fild01
01/09/2011 00:11:25 - 1028	M	932,-1,lavive_10
01/09/2011 00:11:51 - 1028	M	1214,-1,lavive_10
01/09/2011 13:46:10 - 150006	P	2301,-1,0,0,0,0,0,la_sewer
01/09/2011 13:46:15 - 150006	C	530,-1,0,0,0,0,0,la_sewer
01/12/2011 22:12:12 - 1012	M	918,-1,lavive_01
01/12/2011 22:12:17 - 1012	M	918,-1,lavive_01
01/12/2011 22:12:23 - 1012	M	918,-1,lavive_01
01/12/2011 22:13:25 - 1012	M	713,-1,lavive_01
01/14/2011 04:38:04 - 1290	M	7068,-1,lavive_07
01/14/2011 04:38:04 - 1028	M	932,-1,lavive_07
01/14/2011 04:38:04 - 1016	M	1752,-1,lavive_07
01/14/2011 04:38:04 - 1291	M	603,-1,lavive_07
01/14/2011 04:38:04 - 1290	M	7068,-1,lavive_07
01/14/2011 04:38:04 - 1290	M	508,-1,lavive_07
01/14/2011 04:41:55 - 1291	M	1059,-1,lavive_04
01/14/2011 04:41:55 - 1291	M	1059,-1,lavive_04
01/14/2011 04:41:55 - 1290	M	7068,-1,lavive_04
01/14/2011 04:41:55 - 1290	M	7068,-1,lavive_04
01/14/2011 04:41:55 - 1028	M	932,-1,lavive_04
01/14/2011 04:41:55 - 1290	M	7068,-1,lavive_04
01/14/2011 04:41:55 - 1290	M	756,-1,lavive_04
01/14/2011 04:41:55 - 1291	M	603,-1,lavive_04
01/14/2011 04:41:55 - 1291	M	1059,-1,lavive_04
01/14/2011 04:41:55 - 1291	M	1059,-1,lavive_04
01/14/2011 04:41:55 - 1290	M	7068,-1,lavive_04
01/14/2011 04:41:55 - 1290	M	508,-1,lavive_04
01/16/2011 15:52:01 - 1028	M	932,-1,lavive_08
01/16/2011 15:52:01 - 1016	M	1752,-1,lavive_08
01/16/2011 15:52:01 - 1016	M	932,-1,lavive_08
01/16/2011 15:52:01 - 1290	M	7068,-1,lavive_08
01/16/2011 15:52:01 - 1290	M	508,-1,lavive_08
01/16/2011 19:27:33 - 150006	P	7050,1,0,0,0,0,0,lavive_01
01/16/2011 19:27:33 - 150006	P	530,1,0,0,0,0,0,lavive_01
01/16/2011 19:27:34 - 150006	P	530,1,0,0,0,0,0,lavive_01
01/20/2011 00:04:02 - 1291	M	1059,-1,lavive_04
01/20/2011 00:04:02 - 1291	M	1059,-1,lavive_04
01/20/2011 00:04:02 - 1290	M	7068,-1,lavive_04
01/20/2011 00:04:02 - 1291	M	1059,-1,lavive_04
01/20/2011 00:04:02 - 1290	M	508,-1,lavive_04
01/20/2011 00:04:02 - 1291	M	1059,-1,lavive_04
01/20/2011 00:04:02 - 1291	M	1059,-1,lavive_04
01/20/2011 00:04:02 - 1291	M	716,-1,lavive_04
05/20/2011 01:03:16 - 1012	M	918,-1,lavive_01
05/20/2011 01:03:16 - 1012	M	511,-1,lavive_01
05/20/2011 01:03:16 - 1012	M	713,-1,lavive_01
05/20/2011 01:03:16 - 1012	M	918,-1,lavive_01
05/20/2011 01:03:16 - 1012	M	713,-1,lavive_01
05/20/2011 01:03:16 - 1012	M	918,-1,lavive_01
05/20/2011 01:03:16 - 1028	M	932,-1,lavive_01
05/20/2011 01:03:16 - 1028	M	507,-1,lavive_01
05/20/2011 01:03:16 - 1290	M	7068,-1,lavive_01
05/20/2011 01:06:41 - 1012	M	918,-1,lavive_01
05/20/2011 01:06:50 - 150002	P	918,1,0,0,0,0,0,lavive_01
05/20/2011 01:07:10 - 150002	P	918,-1,0,0,0,0,0,lavive_01
05/20/2011 01:08:00 - 1012	M	918,-1,lavive_01
05/24/2011 14:17:18 - 1012	M	918,-1,lavive_01
05/24/2011 14:17:24 - 150002	P	918,1,0,0,0,0,0,lavive_01
05/24/2011 14:18:00 - 1012	M	918,-1,lavive_01
05/24/2011 14:18:04 - 150002	P	918,1,0,0,0,0,0,lavive_01
05/24/2011 14:18:09 - 1012	M	918,-1,lavive_01
05/24/2011 14:18:12 - 150002	P	918,1,0,0,0,0,0,lavive_01
05/24/2011 14:18:22 - 150002	P	918,-3,0,0,0,0,0,lavive_01
05/24/2011 14:18:23 - 150002	P	918,3,0,0,0,0,0,lavive_01
05/24/2011 14:19:11 - 1012	M	918,-1,lavive_01
05/24/2011 14:19:11 - 1012	M	713,-1,lavive_01
05/24/2011 14:19:16 - 150002	P	713,1,0,0,0,0,0,lavive_01
05/24/2011 14:19:16 - 150002	P	918,1,0,0,0,0,0,lavive_01
07/11/2011 21:58:42 - 1015	M	957,-1,lavive_01
07/11/2011 22:04:12 - 1012	M	918,-1,lavive_01
07/11/2011 22:04:12 - 1012	M	918,-1,lavive_01
07/11/2011 22:04:12 - 1015	M	957,-1,lavive_01
07/11/2011 22:04:12 - 1016	M	1701,-1,lavive_01
07/11/2011 22:04:12 - 1012	M	918,-1,lavive_01
07/11/2011 22:04:12 - 1291	M	1059,-1,lavive_01
07/12/2011 13:40:57 - 1001	M	904,-1,lavive_01
07/12/2011 13:40:57 - 1012	M	918,-1,lavive_01
07/12/2011 13:40:57 - 1012	M	918,-1,lavive_01
07/12/2011 13:40:57 - 1012	M	918,-1,lavive_01
07/12/2011 13:40:57 - 1012	M	713,-1,lavive_01
07/12/2011 13:41:03 - 1002	L	904,1,0,0,0,0,0,lavive_01
07/12/2011 13:41:27 - 1002	M	909,-1,lavive_01
07/12/2011 13:41:27 - 1002	M	938,-1,lavive_01
07/12/2011 13:41:27 - 1002	L	904,-1,0,0,0,0,0,lavive_01
07/12/2011 13:41:46 - 150006	P	904,1,0,0,0,0,0,lavive_01
07/12/2011 13:41:47 - 150006	P	909,1,0,0,0,0,0,lavive_01
07/12/2011 13:41:48 - 150006	P	938,1,0,0,0,0,0,lavive_01
07/12/2011 13:41:59 - 150006	P	904,-1,0,0,0,0,0,lavive_01
07/12/2011 13:41:59 - 150006	P	938,-1,0,0,0,0,0,lavive_01
07/12/2011 13:42:00 - 150006	P	909,-1,0,0,0,0,0,lavive_01
07/12/2011 13:42:24 - 1002	M	909,-1,lavive_01
07/12/2011 13:42:53 - 1002	M	909,-1,lavive_01
07/12/2011 13:43:10 - 1012	M	918,-1,lavive_01
07/12/2011 13:43:10 - 1012	M	713,-1,lavive_01
07/12/2011 13:43:26 - 1012	M	918,-1,lavive_01
07/12/2011 14:36:54 - 1012	M	918,-1,lavive_01
07/12/2011 14:36:54 - 1012	M	918,-1,lavive_01
07/12/2011 14:36:54 - 1012	M	908,-1,lavive_01
07/12/2011 14:36:54 - 1012	M	918,-1,lavive_01
07/12/2011 14:36:54 - 1012	M	713,-1,lavive_01
07/12/2011 14:36:54 - 1011	M	935,-1,lavive_01
07/12/2011 14:36:54 - 1018	M	924,-1,lavive_01
07/12/2011 14:36:54 - 1004	M	939,-1,lavive_01
07/12/2011 14:36:54 - 1002	M	909,-1,lavive_01
07/12/2011 14:36:54 - 1002	M	512,-1,lavive_01
07/12/2011 14:36:54 - 1009	M	917,-1,lavive_01
07/12/2011 14:36:54 - 1013	M	920,-1,lavive_01
07/12/2011 14:36:54 - 1013	M	919,-1,lavive_01
07/12/2011 14:36:54 - 1008	M	1010,-1,lavive_01
07/12/2011 14:36:54 - 1008	M	915,-1,lavive_01
07/12/2011 14:36:54 - 1007	M	705,-1,lavive_01
07/12/2011 14:36:54 - 1009	M	917,-1,lavive_01
07/12/2011 14:36:54 - 1012	M	713,-1,lavive_01
07/12/2011 14:36:54 - 1010	M	902,-1,lavive_01
07/12/2011 14:36:54 - 1009	M	917,-1,lavive_01
07/12/2011 14:36:54 - 1009	M	1750,-1,lavive_01
07/12/2011 14:36:54 - 1014	M	921,-1,lavive_01
07/12/2011 14:36:54 - 1291	M	716,-1,lavive_01
07/12/2011 14:36:54 - 1005	M	913,-1,lavive_01
07/12/2011 14:37:21 - 1016	M	507,-1,lavive_01
07/12/2011 14:37:21 - 1015	M	957,-1,lavive_01
07/12/2011 14:37:34 - 1012	M	918,-1,lavive_01
07/12/2011 14:37:34 - 1291	M	568,-1,lavive_01
07/12/2011 14:37:53 - 1012	M	918,-1,lavive_01
07/12/2011 14:37:53 - 1290	M	7068,-1,lavive_01
07/12/2011 14:37:53 - 1019	M	925,-1,lavive_01
07/12/2011 14:37:53 - 1019	M	507,-1,lavive_01
07/12/2011 14:37:53 - 1019	M	582,-1,lavive_01
07/12/2011 15:23:09 - 1401	M	7053,-1,lavive_01
07/12/2011 15:23:09 - 1401	M	7156,-1,lavive_01
07/12/2011 15:23:09 - 1290	M	7068,-1,lavive_01
07/12/2011 15:23:09 - 1401	M	7156,-1,lavive_01
07/12/2011 15:23:09 - 1401	M	7156,-1,lavive_01
07/12/2011 15:23:09 - 1401	M	7157,-1,lavive_01
07/12/2011 15:23:09 - 1401	M	7156,-1,lavive_01
07/12/2011 15:23:09 - 1401	M	7157,-1,lavive_01
07/12/2011 15:23:09 - 1401	M	7156,-1,lavive_01
07/12/2011 15:23:09 - 1401	M	7157,-1,lavive_01
07/12/2011 15:23:09 - 1401	M	7156,-1,lavive_01
07/12/2011 15:23:09 - 1401	M	7157,-1,lavive_01
07/12/2011 15:23:09 - 1401	M	7156,-1,lavive_01
07/12/2011 15:23:09 - 1401	M	7156,-1,lavive_01
07/12/2011 15:23:09 - 1401	M	7156,-1,lavive_01
07/12/2011 15:23:09 - 1401	M	7053,-1,lavive_01
07/12/2011 15:23:09 - 1401	M	7156,-1,lavive_01
07/12/2011 15:23:09 - 1401	M	7156,-1,lavive_01
07/12/2011 15:23:09 - 1401	M	7156,-1,lavive_01
07/12/2011 15:23:09 - 1012	M	918,-1,lavive_01
07/12/2011 15:23:09 - 1401	M	7156,-1,lavive_01
07/12/2011 15:23:09 - 1401	M	7157,-1,lavive_01
07/12/2011 15:23:09 - 1401	M	7156,-1,lavive_01
07/12/2011 15:23:09 - 1401	M	7157,-1,lavive_01
07/12/2011 15:23:09 - 1401	M	7156,-1,lavive_01
07/12/2011 15:23:09 - 1401	M	7157,-1,lavive_01
07/12/2011 15:23:09 - 1401	M	7156,-1,lavive_01
07/12/2011 15:23:09 - 1401	M	7053,-1,lavive_01
07/12/2011 15:23:09 - 1401	M	7157,-1,lavive_01
07/12/2011 15:23:09 - 1401	M	7053,-1,lavive_01
07/12/2011 15:23:09 - 1401	M	7156,-1,lavive_01
07/12/2011 15:23:09 - 1401	M	7157,-1,lavive_01
07/12/2011 15:23:09 - 1401	M	7053,-1,lavive_01
07/12/2011 15:23:09 - 1401	M	7156,-1,lavive_01
07/12/2011 15:23:09 - 1401	M	7053,-1,lavive_01
07/12/2011 15:23:09 - 1401	M	7157,-1,lavive_01
07/12/2011 15:23:09 - 1401	M	7156,-1,lavive_01
07/12/2011 15:23:09 - 1401	M	7157,-1,lavive_01
07/12/2011 15:23:09 - 1401	M	7053,-1,lavive_01
07/12/2011 15:23:09 - 1401	M	7157,-1,lavive_01
07/12/2011 15:23:09 - 1401	M	7156,-1,lavive_01
07/12/2011 15:23:09 - 1401	M	7053,-1,lavive_01
07/12/2011 15:23:09 - 1401	M	7156,-1,lavive_01
07/12/2011 15:23:09 - 1401	M	7053,-1,lavive_01
07/12/2011 15:23:09 - 1406	M	7149,-1,lavive_01
07/12/2011 15:23:09 - 1406	M	7053,-1,lavive_01
07/12/2011 15:23:09 - 1404	M	7152,-1,lavive_01
07/12/2011 15:23:09 - 1401	M	7156,-1,lavive_01
07/12/2011 15:23:09 - 1401	M	7053,-1,lavive_01
07/12/2011 15:23:09 - 1401	M	7157,-1,lavive_01
07/12/2011 15:23:09 - 1401	M	7156,-1,lavive_01
07/12/2011 15:23:09 - 1401	M	7053,-1,lavive_01
07/12/2011 15:23:09 - 1401	M	7156,-1,lavive_01
07/12/2011 15:23:09 - 1400	M	7111,-1,lavive_01
07/12/2011 15:23:09 - 1400	M	912,-1,lavive_01
07/12/2011 15:23:09 - 1401	M	7156,-1,lavive_01
07/12/2011 15:23:09 - 1012	M	918,-1,lavive_01
07/12/2011 15:23:48 - 150006	P	7156,1,0,0,0,0,0,lavive_01
07/12/2011 15:24:05 - 150006	P	7156,-1,0,0,0,0,0,lavive_01
07/12/2011 15:35:19 - 1011	M	935,-1,lavive_01
07/12/2011 15:36:08 - 150006	P	7050,1,0,0,0,0,0,lavive_01
07/12/2011 15:36:09 - 150006	P	530,1,0,0,0,0,0,lavive_01
07/12/2011 15:44:11 - 1011	M	935,-1,lavive_01
07/12/2011 19:47:24 - 1002	M	909,-1,lavive_01
07/12/2011 19:47:26 - 1002	L	909,1,0,0,0,0,0,lavive_01
07/12/2011 19:47:32 - 1002	M	909,-1,lavive_01
07/12/2011 19:47:33 - 1002	L	909,1,0,0,0,0,0,lavive_01
07/12/2011 19:47:40 - 1002	M	909,-1,lavive_01
07/12/2011 19:47:40 - 1002	M	512,-1,lavive_01
07/12/2011 19:47:41 - 1002	M	909,-1,lavive_01
07/12/2011 19:47:41 - 1002	L	909,-1,0,0,0,0,0,lavive_01
07/12/2011 19:47:46 - 1002	L	909,1,0,0,0,0,0,lavive_01
07/12/2011 19:47:46 - 1002	L	909,1,0,0,0,0,0,lavive_01
07/12/2011 19:47:46 - 1002	L	909,1,0,0,0,0,0,lavive_01
07/12/2011 19:47:46 - 1002	L	512,1,0,0,0,0,0,lavive_01
07/12/2011 19:47:47 - 1002	M	909,-1,lavive_01
07/12/2011 19:47:47 - 1002	L	909,-1,0,0,0,0,0,lavive_01
07/12/2011 19:47:47 - 1002	L	909,-1,0,0,0,0,0,lavive_01
07/12/2011 19:47:47 - 1002	L	909,-1,0,0,0,0,0,lavive_01
07/12/2011 19:47:47 - 1002	L	909,-1,0,0,0,0,0,lavive_01
07/12/2011 19:47:47 - 1002	L	512,-1,0,0,0,0,0,lavive_01
07/12/2011 20:28:50 - 150007	A	531,1,lavive_01
07/12/2011 20:28:58 - 150007	P	531,-1,0,0,0,0,0,lavive_01
07/12/2011 20:29:03 - 150007	A	531,1,lavive_01
07/12/2011 20:29:03 - 150007	A	531,1,lavive_01
07/12/2011 20:29:04 - 150007	A	531,1,lavive_01
07/12/2011 20:29:04 - 150007	A	531,1,lavive_01
07/12/2011 20:29:13 - 150007	P	531,-4,0,0,0,0,0,lavive_01
07/12/2011 20:44:16 - 150007	A	512,1,lavive_01
07/12/2011 20:44:20 - 150007	P	512,-1,0,0,0,0,0,lavive_01
07/12/2011 22:17:47 - 1406	L	7050,1,0,0,0,0,0,lavive_01
07/12/2011 22:17:47 - 1406	L	530,1,0,0,0,0,0,lavive_01
07/12/2011 22:17:48 - 1406	L	7050,1,0,0,0,0,0,lavive_01
07/12/2011 22:17:48 - 1406	L	530,1,0,0,0,0,0,lavive_01
07/12/2011 22:18:05 - 1406	L	7050,1,0,0,0,0,0,lavive_01
07/12/2011 22:18:05 - 1406	L	530,1,0,0,0,0,0,lavive_01
07/12/2011 22:18:05 - 1406	L	7050,1,0,0,0,0,0,lavive_01
07/12/2011 22:18:06 - 1406	L	530,1,0,0,0,0,0,lavive_01
07/13/2011 00:52:23 - 1500	M	15000,-1,lavive_01
07/13/2011 00:53:11 - 1011	L	15000,1,0,0,0,0,0,lavive_01
07/13/2011 00:55:15 - 1500	M	15000,-1,lavive_01
07/13/2011 00:55:25 - 150009	P	15000,1,0,0,0,0,0,lavive_01
07/13/2011 00:55:36 - 150009	P	15000,-1,0,0,0,0,0,lavive_01
07/13/2011 00:55:43 - 1500	M	15000,-1,lavive_01
07/13/2011 00:55:48 - 1500	M	15000,-1,lavive_01
07/13/2011 00:55:50 - 1500	M	15000,-1,lavive_01
07/13/2011 00:55:51 - 1500	M	15000,-1,lavive_01
07/13/2011 00:55:52 - 1500	M	15000,-1,lavive_01
07/13/2011 00:55:54 - 1500	M	15000,-1,lavive_01
07/13/2011 00:55:59 - 1406	L	15000,1,0,0,0,0,0,lavive_01
07/13/2011 00:55:59 - 1406	L	15000,1,0,0,0,0,0,lavive_01
07/13/2011 00:55:59 - 1500	M	15000,-1,lavive_01
07/13/2011 00:56:00 - 1406	L	15000,1,0,0,0,0,0,lavive_01
07/13/2011 00:56:01 - 1500	M	15000,-1,lavive_01
07/13/2011 00:56:02 - 1406	L	15000,1,0,0,0,0,0,lavive_01
07/13/2011 00:56:03 - 1406	L	15000,1,0,0,0,0,0,lavive_01
07/13/2011 00:56:04 - 1406	L	15000,1,0,0,0,0,0,lavive_01
07/13/2011 00:56:06 - 1500	M	15000,-1,lavive_01
07/13/2011 00:56:07 - 1500	M	15000,-1,lavive_01
07/13/2011 00:56:07 - 1406	L	15000,1,0,0,0,0,0,lavive_01
07/13/2011 00:56:08 - 1406	L	15000,1,0,0,0,0,0,lavive_01
07/13/2011 00:56:08 - 1500	M	15000,-1,lavive_01
07/13/2011 00:56:10 - 1406	L	15000,1,0,0,0,0,0,lavive_01
07/13/2011 00:56:10 - 1500	M	15000,-1,lavive_01
07/13/2011 00:56:11 - 1500	M	15000,-1,lavive_01
07/13/2011 00:56:12 - 1500	M	15000,-1,lavive_01
07/13/2011 00:56:13 - 1406	L	15000,1,0,0,0,0,0,lavive_01
07/13/2011 00:56:13 - 1406	L	15000,1,0,0,0,0,0,lavive_01
07/13/2011 00:56:13 - 1406	L	15000,1,0,0,0,0,0,lavive_01
07/13/2011 00:56:14 - 1500	M	15000,-1,lavive_01
07/13/2011 00:56:14 - 1406	L	15000,1,0,0,0,0,0,lavive_01
07/13/2011 00:56:15 - 1500	M	15000,-1,lavive_01
07/13/2011 00:56:15 - 1406	L	15000,1,0,0,0,0,0,lavive_01
07/13/2011 00:56:16 - 1500	M	15000,-1,lavive_01
07/13/2011 00:56:17 - 1406	L	15000,1,0,0,0,0,0,lavive_01
07/13/2011 00:56:17 - 1500	M	15000,-1,lavive_01
07/13/2011 00:56:18 - 1406	L	15000,1,0,0,0,0,0,lavive_01
07/13/2011 00:56:19 - 1500	M	15000,-1,lavive_01
07/13/2011 00:56:19 - 1406	L	15000,1,0,0,0,0,0,lavive_01
07/13/2011 00:56:20 - 1500	M	15000,-1,lavive_01
07/13/2011 00:56:21 - 1406	L	15000,1,0,0,0,0,0,lavive_01
07/13/2011 00:56:23 - 1406	L	15000,1,0,0,0,0,0,lavive_01
07/13/2011 00:56:24 - 1406	L	15000,1,0,0,0,0,0,lavive_01
07/13/2011 00:56:30 - 1406	L	15000,-1,0,0,0,0,0,lavive_01
07/13/2011 00:56:30 - 1406	L	15000,-1,0,0,0,0,0,lavive_01
07/13/2011 00:56:30 - 1406	L	15000,-1,0,0,0,0,0,lavive_01
07/13/2011 00:56:30 - 1406	L	15000,-1,0,0,0,0,0,lavive_01
07/13/2011 00:56:30 - 1406	L	15000,-1,0,0,0,0,0,lavive_01
07/13/2011 00:56:30 - 1406	L	15000,-1,0,0,0,0,0,lavive_01
07/13/2011 00:56:30 - 1406	L	15000,-1,0,0,0,0,0,lavive_01
07/13/2011 00:56:30 - 1406	L	15000,-1,0,0,0,0,0,lavive_01
07/13/2011 00:56:30 - 1406	L	15000,-1,0,0,0,0,0,lavive_01
07/13/2011 00:56:30 - 1406	L	15000,-1,0,0,0,0,0,lavive_01
07/13/2011 01:06:23 - 1500	M	4951,-1,lavive_01
07/13/2011 01:06:25 - 1500	M	4951,-1,lavive_01
07/13/2011 01:06:27 - 1500	M	4951,-1,lavive_01
07/13/2011 01:06:29 - 1500	M	4951,-1,lavive_01
07/13/2011 01:06:29 - 150009	P	4951,1,0,0,0,0,0,lavive_01
07/13/2011 01:06:30 - 150009	P	4951,1,0,0,0,0,0,lavive_01
07/13/2011 01:06:32 - 150009	P	4951,1,0,0,0,0,0,lavive_01
07/13/2011 01:06:40 - 150009	P	4951,-3,0,0,0,0,0,lavive_01
07/13/2011 16:27:41 - 150009	A	81,1,lavive_01
07/13/2011 16:31:32 - 150009	P	81,-1,0,0,0,0,0,lavive_01
07/13/2011 16:33:17 - 150008	A	81,1,lavive_01
07/13/2011 16:33:26 - 150008	A	82,1,lavive_01
07/13/2011 16:33:34 - 150008	A	83,1,lavive_01
07/13/2011 16:35:46 - 150009	A	81,1,lavive_01
07/13/2011 16:41:01 - 150009	A	82,1,lavive_01
07/13/2011 16:41:06 - 150009	A	83,1,lavive_01
07/13/2011 16:41:08 - 150009	A	84,1,lavive_01
07/13/2011 16:41:09 - 150009	A	85,1,lavive_01
07/13/2011 16:41:11 - 150009	A	86,1,lavive_01
07/13/2011 16:41:12 - 150009	A	87,1,lavive_01
07/13/2011 16:41:14 - 150009	A	88,1,lavive_01
07/13/2011 16:41:15 - 150009	A	89,1,lavive_01
07/13/2011 16:41:18 - 150009	A	90,1,lavive_01
07/13/2011 16:41:19 - 150009	A	91,1,lavive_01
07/13/2011 16:41:21 - 150009	A	92,1,lavive_01
07/13/2011 16:41:22 - 150009	A	93,1,lavive_01
07/13/2011 16:41:23 - 150009	A	94,1,lavive_01
07/13/2011 16:41:25 - 150009	A	95,1,lavive_01
07/13/2011 16:41:26 - 150009	A	96,1,lavive_01
07/13/2011 16:41:28 - 150009	A	97,1,lavive_01
07/13/2011 16:41:29 - 150009	A	98,1,lavive_01
07/13/2011 16:41:31 - 150009	A	99,1,lavive_01
07/13/2011 17:07:13 - 150009	P	82,-1,0,0,0,0,0,lavive_01
07/13/2011 17:07:26 - 150009	P	82,1,0,0,0,0,0,lavive_01
07/13/2011 17:07:29 - 150009	P	87,-1,0,0,0,0,0,lavive_01
07/13/2011 17:07:30 - 150009	P	87,1,0,0,0,0,0,lavive_01
07/13/2011 17:07:32 - 150009	P	87,-1,0,0,0,0,0,lavive_01
07/13/2011 17:07:37 - 150009	P	87,1,0,0,0,0,0,lavive_01
07/13/2011 17:07:41 - 150009	P	92,-1,0,0,0,0,0,lavive_01
07/13/2011 17:07:47 - 150009	P	92,1,0,0,0,0,0,lavive_01
07/13/2011 17:54:59 - 150009	P	81,-1,0,0,0,0,0,lavive_01
07/13/2011 17:55:01 - 150009	P	95,-1,0,0,0,0,0,lavive_01
07/13/2011 17:55:03 - 150009	P	81,1,0,0,0,0,0,lavive_01
07/13/2011 17:55:04 - 150009	P	95,1,0,0,0,0,0,lavive_01
07/13/2011 18:14:07 - 150009	P	81,-1,0,0,0,0,0,lavive_01
07/13/2011 18:14:09 - 150009	P	81,1,0,0,0,0,0,lavive_01
07/13/2011 18:14:14 - 150009	P	81,-1,0,0,0,0,0,lavive_01
07/13/2011 18:14:15 - 1011	L	81,1,0,0,0,0,0,lavive_01
07/13/2011 18:14:18 - 1011	L	81,-1,0,0,0,0,0,lavive_01
07/13/2011 18:14:19 - 150009	P	81,1,0,0,0,0,0,lavive_01
07/13/2011 18:14:28 - 150009	P	92,-1,0,0,0,0,0,lavive_01
07/13/2011 18:14:29 - 1011	L	92,1,0,0,0,0,0,lavive_01
07/13/2011 18:14:36 - 1011	L	92,-1,0,0,0,0,0,lavive_01
07/13/2011 18:14:37 - 150009	P	92,1,0,0,0,0,0,lavive_01
07/13/2011 19:02:59 - 150009	A	1201,1,lavive_01
07/13/2011 19:03:07 - 150009	P	1201,-1,0,0,0,0,0,lavive_01
07/13/2011 19:03:08 - 150009	P	1201,1,0,0,0,0,0,lavive_01
07/13/2011 19:03:57 - 150009	P	1201,-1,0,0,0,0,0,lavive_01
07/13/2011 19:03:59 - 150009	P	1201,1,0,0,0,0,0,lavive_01
07/13/2011 19:11:53 - 150009	P	1201,-1,0,0,0,0,0,lavive_01
07/13/2011 19:11:54 - 150009	P	1201,1,0,0,0,0,0,lavive_01
07/13/2011 19:11:56 - 150009	P	1201,-1,0,0,0,0,0,lavive_01
07/13/2011 19:11:57 - 150009	P	1201,1,0,0,0,0,0,lavive_01
07/13/2011 19:11:58 - 150009	P	1201,-1,0,0,0,0,0,lavive_01
07/13/2011 19:11:59 - 150009	P	1201,1,0,0,0,0,0,lavive_01
07/13/2011 19:12:01 - 150009	P	1201,-1,0,0,0,0,0,lavive_01
07/13/2011 19:12:02 - 150009	P	1201,1,0,0,0,0,0,lavive_01
07/13/2011 19:12:03 - 150009	P	1201,-1,0,0,0,0,0,lavive_01
07/13/2011 19:12:04 - 150009	P	1201,1,0,0,0,0,0,lavive_01
07/13/2011 19:12:06 - 150009	P	1201,-1,0,0,0,0,0,lavive_01
07/13/2011 19:12:06 - 150009	P	1201,1,0,0,0,0,0,lavive_01
07/13/2011 19:12:25 - 150009	P	1201,-1,0,0,0,0,0,lavive_01
07/13/2011 19:12:26 - 150009	P	1201,1,0,0,0,0,0,lavive_01
07/13/2011 19:12:38 - 150009	P	1201,-1,0,0,0,0,0,lavive_01
07/13/2011 19:12:40 - 150009	P	1201,1,0,0,0,0,0,lavive_01
07/13/2011 19:12:46 - 150009	P	1201,-1,0,0,0,0,0,lavive_01
07/13/2011 19:12:48 - 150009	P	1201,1,0,0,0,0,0,lavive_01
07/13/2011 19:43:32 - 150013	A	1201,1,lavive_01
07/13/2011 20:34:03 - 1500	M	81,-1,lavive_01
07/13/2011 20:34:12 - 150013	P	81,1,0,0,0,0,0,lavive_01
07/13/2011 20:34:17 - 1500	M	81,-1,lavive_01
07/13/2011 20:34:17 - 1500	M	81,-1,lavive_01
07/13/2011 20:34:17 - 1500	M	99,-1,lavive_01
07/13/2011 20:34:19 - 150013	P	81,1,0,0,0,0,0,lavive_01
07/13/2011 20:34:21 - 150013	P	99,1,0,0,0,0,0,lavive_01
07/13/2011 20:34:22 - 150013	P	81,1,0,0,0,0,0,lavive_01
07/13/2011 20:34:28 - 1500	M	81,-1,lavive_01
07/13/2011 20:34:30 - 1500	M	81,-1,lavive_01
07/13/2011 20:34:30 - 1500	M	99,-1,lavive_01
07/13/2011 20:34:32 - 150013	P	99,1,0,0,0,0,0,lavive_01
07/13/2011 20:34:33 - 150013	P	81,1,0,0,0,0,0,lavive_01
07/13/2011 20:34:35 - 150013	P	81,1,0,0,0,0,0,lavive_01
07/13/2011 20:34:36 - 1500	M	81,-1,lavive_01
07/13/2011 20:34:36 - 1500	M	81,-1,lavive_01
07/13/2011 20:34:37 - 1500	M	81,-1,lavive_01
07/13/2011 20:34:39 - 150013	P	81,1,0,0,0,0,0,lavive_01
07/13/2011 20:34:40 - 150013	P	81,1,0,0,0,0,0,lavive_01
07/13/2011 20:34:40 - 150013	P	81,1,0,0,0,0,0,lavive_01
07/13/2011 20:34:45 - 1500	M	81,-1,lavive_01
07/13/2011 20:34:46 - 150013	P	81,1,0,0,0,0,0,lavive_01
07/13/2011 20:34:49 - 1500	M	81,-1,lavive_01
07/13/2011 20:34:49 - 1500	M	81,-1,lavive_01
07/13/2011 20:34:51 - 150013	P	81,1,0,0,0,0,0,lavive_01
07/13/2011 20:34:51 - 150013	P	81,1,0,0,0,0,0,lavive_01
07/13/2011 20:34:53 - 1500	M	81,-1,lavive_01
07/13/2011 20:34:54 - 150013	P	81,1,0,0,0,0,0,lavive_01
07/13/2011 20:34:55 - 1500	M	82,-1,lavive_01
07/13/2011 20:34:56 - 150013	P	82,1,0,0,0,0,0,lavive_01
07/13/2011 20:34:57 - 1500	M	81,-1,lavive_01
07/13/2011 20:34:59 - 1500	M	81,-1,lavive_01
07/13/2011 20:35:00 - 150013	P	81,1,0,0,0,0,0,lavive_01
07/13/2011 20:35:01 - 150013	P	81,1,0,0,0,0,0,lavive_01
07/13/2011 20:35:02 - 1500	M	81,-1,lavive_01
07/13/2011 20:35:02 - 1500	M	81,-1,lavive_01
07/13/2011 20:35:04 - 150013	P	81,1,0,0,0,0,0,lavive_01
07/13/2011 20:35:07 - 1500	M	81,-1,lavive_01
07/13/2011 20:35:07 - 1500	M	81,-1,lavive_01
07/13/2011 20:35:08 - 150013	P	81,1,0,0,0,0,0,lavive_01
07/13/2011 20:35:08 - 150013	P	81,1,0,0,0,0,0,lavive_01
07/13/2011 20:35:09 - 150013	P	81,1,0,0,0,0,0,lavive_01
07/13/2011 20:35:10 - 1500	M	81,-1,lavive_01
07/13/2011 20:35:10 - 1500	M	81,-1,lavive_01
07/13/2011 20:35:11 - 150013	P	81,1,0,0,0,0,0,lavive_01
07/13/2011 20:35:12 - 150013	P	81,1,0,0,0,0,0,lavive_01
07/13/2011 20:35:13 - 1500	M	81,-1,lavive_01
07/13/2011 20:35:13 - 1500	M	99,-1,lavive_01
07/13/2011 20:35:14 - 150013	P	81,1,0,0,0,0,0,lavive_01
07/13/2011 20:35:17 - 1500	M	81,-1,lavive_01
07/13/2011 20:35:18 - 150013	P	99,1,0,0,0,0,0,lavive_01
07/13/2011 20:35:19 - 150013	P	81,1,0,0,0,0,0,lavive_01
07/13/2011 20:35:19 - 1500	M	81,-1,lavive_01
07/13/2011 20:35:20 - 150013	P	81,1,0,0,0,0,0,lavive_01
07/13/2011 20:35:21 - 1500	M	81,-1,lavive_01
07/13/2011 20:35:22 - 150013	P	81,1,0,0,0,0,0,lavive_01
07/13/2011 20:35:23 - 1500	M	81,-1,lavive_01
07/13/2011 20:35:24 - 150013	P	81,1,0,0,0,0,0,lavive_01
07/13/2011 20:35:25 - 1500	M	81,-1,lavive_01
07/13/2011 20:35:25 - 1500	M	83,-1,lavive_01
07/13/2011 20:35:26 - 150013	P	83,1,0,0,0,0,0,lavive_01
07/13/2011 20:35:29 - 150013	P	81,1,0,0,0,0,0,lavive_01
07/13/2011 20:35:42 - 150013	P	83,-1,0,0,0,0,0,lavive_01
07/13/2011 20:35:43 - 150013	P	82,-1,0,0,0,0,0,lavive_01
07/13/2011 20:35:45 - 150013	P	99,-3,0,0,0,0,0,lavive_01
07/13/2011 20:35:46 - 150013	P	81,-26,0,0,0,0,0,lavive_01
07/13/2011 20:36:25 - 1011	L	82,1,0,0,0,0,0,lavive_01
07/13/2011 20:36:25 - 1011	L	83,1,0,0,0,0,0,lavive_01
07/13/2011 20:36:25 - 1011	L	81,26,0,0,0,0,0,lavive_01
07/13/2011 20:36:25 - 1011	L	99,3,0,0,0,0,0,lavive_01
07/13/2011 20:36:26 - 1011	L	82,-1,0,0,0,0,0,lavive_01
07/13/2011 20:36:26 - 1011	L	83,-1,0,0,0,0,0,lavive_01
07/13/2011 20:36:26 - 1011	L	81,-26,0,0,0,0,0,lavive_01
07/13/2011 20:36:26 - 1011	L	99,-3,0,0,0,0,0,lavive_01
07/13/2011 20:36:57 - 1500	M	81,-1,lavive_01
07/13/2011 20:36:58 - 1500	M	81,-1,lavive_01
07/13/2011 20:36:58 - 1500	M	82,-1,lavive_01
07/13/2011 20:36:58 - 1500	M	83,-1,lavive_01
07/13/2011 20:36:59 - 1500	M	81,-1,lavive_01
07/13/2011 20:36:59 - 1500	M	81,-1,lavive_01
07/13/2011 20:36:59 - 150013	P	83,1,0,0,0,0,0,lavive_01
07/13/2011 20:37:00 - 150013	P	81,1,0,0,0,0,0,lavive_01
07/13/2011 20:37:01 - 150013	P	82,1,0,0,0,0,0,lavive_01
07/13/2011 20:37:02 - 150013	P	81,1,0,0,0,0,0,lavive_01
07/13/2011 20:37:02 - 150013	P	81,1,0,0,0,0,0,lavive_01
07/13/2011 20:37:03 - 150013	P	81,1,0,0,0,0,0,lavive_01
07/13/2011 20:37:04 - 1500	M	81,-1,lavive_01
07/13/2011 20:37:04 - 1500	M	81,-1,lavive_01
07/13/2011 20:37:04 - 1500	M	99,-1,lavive_01
07/13/2011 20:37:05 - 150013	P	81,1,0,0,0,0,0,lavive_01
07/13/2011 20:37:05 - 150013	P	99,1,0,0,0,0,0,lavive_01
07/13/2011 20:37:07 - 150013	P	81,1,0,0,0,0,0,lavive_01
07/13/2011 20:37:07 - 1500	M	81,-1,lavive_01
07/13/2011 20:37:09 - 1500	M	81,-1,lavive_01
07/13/2011 20:37:09 - 1500	M	81,-1,lavive_01
07/13/2011 20:37:09 - 150013	P	81,1,0,0,0,0,0,lavive_01
07/13/2011 20:37:10 - 1500	M	81,-1,lavive_01
07/13/2011 20:37:11 - 150013	P	81,1,0,0,0,0,0,lavive_01
07/13/2011 20:37:11 - 150013	P	81,1,0,0,0,0,0,lavive_01
07/13/2011 20:37:12 - 150013	P	81,1,0,0,0,0,0,lavive_01
07/13/2011 20:37:16 - 1500	M	81,-1,lavive_01
07/13/2011 20:37:16 - 1500	M	81,-1,lavive_01
07/13/2011 20:37:17 - 1500	M	81,-1,lavive_01
07/13/2011 20:37:17 - 1500	M	81,-1,lavive_01
07/13/2011 20:37:19 - 1500	M	81,-1,lavive_01
07/13/2011 20:37:20 - 1500	M	81,-1,lavive_01
07/13/2011 20:37:20 - 1500	M	82,-1,lavive_01
07/13/2011 20:37:20 - 150013	P	81,1,0,0,0,0,0,lavive_01
07/13/2011 20:37:21 - 150013	P	81,1,0,0,0,0,0,lavive_01
07/13/2011 20:37:22 - 1500	M	81,-1,lavive_01
07/13/2011 20:37:23 - 150013	P	81,1,0,0,0,0,0,lavive_01
07/13/2011 20:37:24 - 150013	P	81,1,0,0,0,0,0,lavive_01
07/13/2011 20:37:24 - 150013	P	81,1,0,0,0,0,0,lavive_01
07/13/2011 20:37:25 - 150013	P	82,1,0,0,0,0,0,lavive_01
07/13/2011 20:37:25 - 150013	P	81,1,0,0,0,0,0,lavive_01
07/13/2011 20:37:27 - 150013	P	81,1,0,0,0,0,0,lavive_01
07/13/2011 20:37:28 - 1500	M	81,-1,lavive_01
07/13/2011 20:37:28 - 1500	M	81,-1,lavive_01
07/13/2011 20:37:29 - 1500	M	81,-1,lavive_01
07/13/2011 20:37:30 - 150013	P	81,1,0,0,0,0,0,lavive_01
07/13/2011 20:37:31 - 150013	P	81,1,0,0,0,0,0,lavive_01
07/13/2011 20:37:32 - 150013	P	81,1,0,0,0,0,0,lavive_01
07/13/2011 20:37:33 - 1500	M	81,-1,lavive_01
07/13/2011 20:37:34 - 150013	P	81,1,0,0,0,0,0,lavive_01
07/13/2011 20:37:36 - 1500	M	81,-1,lavive_01
07/13/2011 20:37:36 - 1500	M	81,-1,lavive_01
07/13/2011 20:37:37 - 150013	P	81,1,0,0,0,0,0,lavive_01
07/13/2011 20:37:38 - 150013	P	81,1,0,0,0,0,0,lavive_01
07/13/2011 20:37:39 - 1500	M	81,-1,lavive_01
07/13/2011 20:37:40 - 1500	M	81,-1,lavive_01
07/13/2011 20:37:40 - 1500	M	81,-1,lavive_01
07/13/2011 20:37:40 - 150013	P	81,1,0,0,0,0,0,lavive_01
07/13/2011 20:37:40 - 150013	P	81,1,0,0,0,0,0,lavive_01
07/13/2011 20:37:41 - 150013	P	81,1,0,0,0,0,0,lavive_01
07/13/2011 20:37:42 - 1500	M	81,-1,lavive_01
07/13/2011 20:37:42 - 150013	P	81,1,0,0,0,0,0,lavive_01
07/13/2011 20:37:43 - 1500	M	81,-1,lavive_01
07/13/2011 20:37:46 - 1500	M	81,-1,lavive_01
07/13/2011 20:37:47 - 150013	P	81,1,0,0,0,0,0,lavive_01
07/13/2011 20:37:48 - 1500	M	81,-1,lavive_01
07/13/2011 20:37:48 - 150013	P	81,1,0,0,0,0,0,lavive_01
07/13/2011 20:37:49 - 150013	P	81,1,0,0,0,0,0,lavive_01
07/13/2011 20:37:50 - 1500	M	81,-1,lavive_01
07/13/2011 20:37:51 - 150013	P	81,1,0,0,0,0,0,lavive_01
07/13/2011 20:37:52 - 1500	M	81,-1,lavive_01
07/13/2011 20:37:54 - 1500	M	81,-1,lavive_01
07/13/2011 20:37:55 - 150013	P	81,1,0,0,0,0,0,lavive_01
07/13/2011 20:37:56 - 150013	P	81,1,0,0,0,0,0,lavive_01
07/13/2011 20:38:08 - 1500	M	81,-1,lavive_01
07/13/2011 20:38:09 - 150013	P	81,1,0,0,0,0,0,lavive_01
07/13/2011 20:38:11 - 1500	M	81,-1,lavive_01
07/13/2011 20:38:12 - 150013	P	81,1,0,0,0,0,0,lavive_01
07/13/2011 20:38:13 - 1500	M	81,-1,lavive_01
07/13/2011 20:38:14 - 150013	P	81,1,0,0,0,0,0,lavive_01
07/13/2011 20:38:15 - 1500	M	81,-1,lavive_01
07/13/2011 20:38:15 - 1500	M	81,-1,lavive_01
07/13/2011 20:38:16 - 150013	P	81,1,0,0,0,0,0,lavive_01
07/13/2011 20:38:16 - 1500	M	81,-1,lavive_01
07/13/2011 20:38:18 - 1500	M	81,-1,lavive_01
07/13/2011 20:38:18 - 150013	P	81,1,0,0,0,0,0,lavive_01
07/13/2011 20:38:19 - 150013	P	81,1,0,0,0,0,0,lavive_01
07/13/2011 20:38:19 - 150013	P	81,1,0,0,0,0,0,lavive_01
07/13/2011 20:38:20 - 1500	M	81,-1,lavive_01
07/13/2011 20:38:21 - 1500	M	81,-1,lavive_01
07/13/2011 20:38:21 - 1500	M	81,-1,lavive_01
07/13/2011 20:38:21 - 1500	M	82,-1,lavive_01
07/13/2011 20:38:21 - 150013	P	81,1,0,0,0,0,0,lavive_01
07/13/2011 20:38:22 - 150013	P	81,1,0,0,0,0,0,lavive_01
07/13/2011 20:38:22 - 150013	P	82,1,0,0,0,0,0,lavive_01
07/13/2011 20:38:23 - 150013	P	81,1,0,0,0,0,0,lavive_01
07/13/2011 20:38:24 - 1500	M	81,-1,lavive_01
07/13/2011 20:38:25 - 1500	M	81,-1,lavive_01
07/13/2011 20:38:25 - 1500	M	81,-1,lavive_01
07/13/2011 20:38:25 - 150013	P	81,1,0,0,0,0,0,lavive_01
07/13/2011 20:38:26 - 1500	M	81,-1,lavive_01
07/13/2011 20:38:27 - 150013	P	81,1,0,0,0,0,0,lavive_01
07/13/2011 20:38:27 - 150013	P	81,1,0,0,0,0,0,lavive_01
07/13/2011 20:38:28 - 150013	P	81,1,0,0,0,0,0,lavive_01
07/13/2011 20:38:29 - 1500	M	81,-1,lavive_01
07/13/2011 20:38:29 - 1500	M	82,-1,lavive_01
07/13/2011 20:38:29 - 150013	P	81,1,0,0,0,0,0,lavive_01
07/13/2011 20:38:31 - 1500	M	81,-1,lavive_01
07/13/2011 20:38:31 - 150013	P	82,1,0,0,0,0,0,lavive_01
07/13/2011 20:38:33 - 150013	P	81,1,0,0,0,0,0,lavive_01
07/13/2011 20:38:47 - 1500	M	81,-1,lavive_01
07/13/2011 20:38:51 - 150013	P	81,1,0,0,0,0,0,lavive_01
07/13/2011 20:38:53 - 1500	M	81,-1,lavive_01
07/13/2011 20:38:53 - 1500	M	81,-1,lavive_01
07/13/2011 20:38:56 - 150013	P	81,1,0,0,0,0,0,lavive_01
07/13/2011 20:38:56 - 150013	P	81,1,0,0,0,0,0,lavive_01
07/13/2011 20:38:58 - 1500	M	81,-1,lavive_01
07/13/2011 20:38:58 - 1500	M	81,-1,lavive_01
07/13/2011 20:39:02 - 150013	P	81,1,0,0,0,0,0,lavive_01
07/13/2011 20:39:03 - 1500	M	81,-1,lavive_01
07/13/2011 20:39:03 - 150013	P	81,1,0,0,0,0,0,lavive_01
07/13/2011 20:39:04 - 150013	P	81,1,0,0,0,0,0,lavive_01
07/13/2011 20:39:05 - 1500	M	81,-1,lavive_01
07/13/2011 20:39:06 - 1500	M	81,-1,lavive_01
07/13/2011 20:39:09 - 1500	M	81,-1,lavive_01
07/13/2011 20:39:09 - 1500	M	81,-1,lavive_01
07/13/2011 20:39:10 - 150013	P	81,1,0,0,0,0,0,lavive_01
07/13/2011 20:39:11 - 150013	P	81,1,0,0,0,0,0,lavive_01
07/13/2011 20:39:11 - 150013	P	81,1,0,0,0,0,0,lavive_01
07/13/2011 20:39:12 - 150013	P	81,1,0,0,0,0,0,lavive_01
07/13/2011 20:39:14 - 1500	M	81,-1,lavive_01
07/13/2011 20:39:14 - 1500	M	81,-1,lavive_01
07/13/2011 20:39:15 - 150013	P	81,1,0,0,0,0,0,lavive_01
07/13/2011 20:39:16 - 150013	P	81,1,0,0,0,0,0,lavive_01
07/13/2011 20:39:17 - 1500	M	81,-1,lavive_01
07/13/2011 20:39:17 - 1500	M	81,-1,lavive_01
07/13/2011 20:39:18 - 150013	P	81,1,0,0,0,0,0,lavive_01
07/13/2011 20:39:18 - 1500	M	81,-1,lavive_01
07/13/2011 20:39:18 - 1500	M	81,-1,lavive_01
07/13/2011 20:39:18 - 1500	M	82,-1,lavive_01
07/13/2011 20:39:19 - 150013	P	82,1,0,0,0,0,0,lavive_01
07/13/2011 20:39:20 - 150013	P	81,1,0,0,0,0,0,lavive_01
07/13/2011 20:39:20 - 150013	P	81,1,0,0,0,0,0,lavive_01
07/13/2011 20:39:21 - 1500	M	81,-1,lavive_01
07/13/2011 20:39:21 - 1500	M	81,-1,lavive_01
07/13/2011 20:39:22 - 150013	P	81,1,0,0,0,0,0,lavive_01
07/13/2011 20:39:23 - 150013	P	81,1,0,0,0,0,0,lavive_01
07/13/2011 20:39:24 - 150013	P	81,1,0,0,0,0,0,lavive_01
07/13/2011 20:40:35 - 1503	M	90,-1,lavive_01
07/13/2011 20:40:43 - 150013	P	90,1,0,0,0,0,0,lavive_01
07/13/2011 20:40:46 - 1501	M	84,-1,lavive_01
07/13/2011 20:40:46 - 1501	M	84,-1,lavive_01
07/13/2011 20:40:46 - 1501	M	99,-1,lavive_01
07/13/2011 20:40:48 - 150013	P	99,1,0,0,0,0,0,lavive_01
07/13/2011 20:40:49 - 1504	M	93,-1,lavive_01
07/13/2011 20:40:49 - 1504	M	93,-1,lavive_01
07/13/2011 20:40:51 - 150013	P	93,1,0,0,0,0,0,lavive_01
07/13/2011 20:40:52 - 1505	M	96,-1,lavive_01
07/13/2011 20:40:52 - 1505	M	96,-1,lavive_01
07/13/2011 20:40:53 - 150013	P	84,1,0,0,0,0,0,lavive_01
07/13/2011 20:40:54 - 150013	P	84,1,0,0,0,0,0,lavive_01
07/13/2011 20:40:55 - 150013	P	96,1,0,0,0,0,0,lavive_01
07/13/2011 20:40:58 - 150013	P	96,1,0,0,0,0,0,lavive_01
07/13/2011 20:41:15 - 1502	M	87,-1,lavive_01
07/13/2011 20:41:15 - 1502	M	88,-1,lavive_01
07/13/2011 20:41:21 - 150013	P	93,1,0,0,0,0,0,lavive_01
07/13/2011 20:41:22 - 150013	P	88,1,0,0,0,0,0,lavive_01
07/13/2011 20:41:22 - 150013	P	87,1,0,0,0,0,0,lavive_01
07/13/2011 20:41:31 - 150013	P	81,-67,0,0,0,0,0,lavive_01
07/13/2011 20:41:32 - 150013	P	87,-1,0,0,0,0,0,lavive_01
07/13/2011 20:41:33 - 150013	P	88,-1,0,0,0,0,0,lavive_01
07/13/2011 20:41:33 - 150013	P	83,-1,0,0,0,0,0,lavive_01
07/13/2011 20:41:35 - 150013	P	99,-2,0,0,0,0,0,lavive_01
07/13/2011 20:41:36 - 150013	P	82,-5,0,0,0,0,0,lavive_01
07/13/2011 20:41:37 - 150013	P	93,-2,0,0,0,0,0,lavive_01
07/13/2011 20:41:38 - 150013	P	96,-2,0,0,0,0,0,lavive_01
07/13/2011 20:41:40 - 150013	P	90,-1,0,0,0,0,0,lavive_01
07/13/2011 20:41:41 - 150013	P	84,-2,0,0,0,0,0,lavive_01
07/14/2011 13:58:23 - 1505	M	96,-1,lavive_01
07/14/2011 13:58:23 - 1505	M	96,-1,lavive_01
07/14/2011 13:58:24 - 150013	P	96,1,0,0,0,0,0,lavive_01
07/14/2011 13:58:25 - 150013	P	96,1,0,0,0,0,0,lavive_01
07/14/2011 13:58:33 - 1504	M	93,-1,lavive_01
07/14/2011 13:58:34 - 150013	P	93,1,0,0,0,0,0,lavive_01
07/14/2011 13:59:07 - 1504	M	93,-1,lavive_04
07/14/2011 13:59:09 - 150013	P	93,1,0,0,0,0,0,lavive_04
07/14/2011 13:59:38 - 1505	M	96,-1,lavive_04
07/14/2011 13:59:39 - 150013	P	96,1,0,0,0,0,0,lavive_04
07/14/2011 13:59:51 - 1505	M	96,-1,lavive_04
07/14/2011 13:59:51 - 1505	M	96,-1,lavive_04
07/14/2011 13:59:51 - 1505	M	97,-1,lavive_04
07/14/2011 13:59:52 - 150013	P	96,1,0,0,0,0,0,lavive_04
07/14/2011 13:59:52 - 150013	P	96,1,0,0,0,0,0,lavive_04
07/14/2011 13:59:53 - 150013	P	97,1,0,0,0,0,0,lavive_04
07/14/2011 13:59:55 - 1504	M	93,-1,lavive_04
07/14/2011 13:59:55 - 1504	M	93,-1,lavive_04
07/14/2011 13:59:56 - 150013	P	93,1,0,0,0,0,0,lavive_04
07/14/2011 13:59:56 - 150013	P	93,1,0,0,0,0,0,lavive_04
07/14/2011 13:59:59 - 1504	M	93,-1,lavive_04
07/14/2011 14:00:00 - 150013	P	93,1,0,0,0,0,0,lavive_04
07/14/2011 14:00:06 - 1504	M	93,-1,lavive_04
07/14/2011 14:00:06 - 1504	M	93,-1,lavive_04
07/14/2011 14:00:07 - 150013	P	93,1,0,0,0,0,0,lavive_04
07/14/2011 14:00:07 - 150013	P	93,1,0,0,0,0,0,lavive_04
07/14/2011 14:00:14 - 1504	M	93,-1,lavive_04
07/14/2011 14:00:14 - 1504	M	94,-1,lavive_04
07/14/2011 14:00:15 - 150013	P	94,1,0,0,0,0,0,lavive_04
07/14/2011 14:00:15 - 150013	P	93,1,0,0,0,0,0,lavive_04
07/14/2011 14:01:18 - 1505	M	96,-1,lavive_04
07/14/2011 14:01:19 - 150013	P	96,1,0,0,0,0,0,lavive_04
07/14/2011 14:01:21 - 1504	M	93,-1,lavive_04
07/14/2011 14:01:21 - 1504	M	93,-1,lavive_04
07/14/2011 14:01:22 - 150013	P	93,1,0,0,0,0,0,lavive_04
07/14/2011 14:01:22 - 150013	P	93,1,0,0,0,0,0,lavive_04
07/14/2011 14:01:48 - 1505	M	96,-1,lavive_04
07/14/2011 14:01:48 - 1505	M	96,-1,lavive_04
07/14/2011 14:01:49 - 150013	P	96,1,0,0,0,0,0,lavive_04
07/14/2011 14:01:50 - 150013	P	96,1,0,0,0,0,0,lavive_04
07/14/2011 14:01:52 - 1504	M	93,-1,lavive_04
07/14/2011 14:01:52 - 1504	M	93,-1,lavive_04
07/14/2011 14:01:52 - 1504	M	95,-1,lavive_04
07/14/2011 14:01:53 - 150013	P	93,1,0,0,0,0,0,lavive_04
07/14/2011 14:01:54 - 150013	P	95,1,0,0,0,0,0,lavive_04
07/14/2011 14:02:00 - 1505	M	96,-1,lavive_04
07/14/2011 14:02:00 - 1505	M	96,-1,lavive_04
07/14/2011 14:02:01 - 150013	P	96,1,0,0,0,0,0,lavive_04
07/14/2011 14:02:02 - 150013	P	96,1,0,0,0,0,0,lavive_04
07/14/2011 14:02:36 - 1505	M	96,-1,lavive_04
07/14/2011 14:02:36 - 1505	M	96,-1,lavive_04
07/14/2011 14:02:36 - 150013	P	96,1,0,0,0,0,0,lavive_04
07/14/2011 14:02:37 - 150013	P	96,1,0,0,0,0,0,lavive_04
07/14/2011 14:02:57 - 1505	M	96,-1,lavive_01
07/14/2011 14:02:58 - 150013	P	96,1,0,0,0,0,0,lavive_01
07/14/2011 14:18:22 - 1504	M	93,-1,lavive_01
07/14/2011 14:18:22 - 1504	M	93,-1,lavive_01
07/14/2011 14:18:34 - 1505	M	96,-1,lavive_04
07/14/2011 14:18:34 - 1505	M	96,-1,lavive_04
07/14/2011 14:18:35 - 1504	M	93,-1,lavive_04
07/14/2011 14:18:35 - 1504	M	93,-1,lavive_04
07/14/2011 14:18:52 - 1079	L	93,1,0,0,0,0,0,lavive_04
07/14/2011 14:18:52 - 1079	L	93,1,0,0,0,0,0,lavive_04
07/14/2011 14:19:16 - 1505	M	96,-1,lavive_04
07/14/2011 14:19:18 - 1504	M	93,-1,lavive_04
07/14/2011 14:19:19 - 150013	P	93,1,0,0,0,0,0,lavive_04
07/14/2011 14:19:20 - 150013	P	96,1,0,0,0,0,0,lavive_04
07/14/2011 14:19:22 - 1504	M	93,-1,lavive_04
07/14/2011 14:19:23 - 150013	P	93,1,0,0,0,0,0,lavive_04
07/14/2011 14:19:24 - 1504	M	93,-1,lavive_04
07/14/2011 14:19:24 - 1504	M	93,-1,lavive_04
07/14/2011 14:19:25 - 1505	M	96,-1,lavive_04
07/14/2011 14:19:28 - 150013	P	96,1,0,0,0,0,0,lavive_04
07/14/2011 14:19:34 - 150013	P	93,1,0,0,0,0,0,lavive_04
07/14/2011 14:19:34 - 150013	P	93,1,0,0,0,0,0,lavive_04
07/14/2011 14:20:00 - 1505	M	96,-1,lavive_04
07/14/2011 14:20:01 - 150013	P	96,1,0,0,0,0,0,lavive_04
07/14/2011 14:20:11 - 1505	M	96,-1,lavive_04
07/14/2011 14:20:11 - 1505	M	96,-1,lavive_04
07/14/2011 14:20:12 - 150013	P	96,1,0,0,0,0,0,lavive_04
07/14/2011 14:20:12 - 150013	P	96,1,0,0,0,0,0,lavive_04
07/14/2011 14:20:13 - 1504	M	93,-1,lavive_04
07/14/2011 14:20:14 - 150013	P	93,1,0,0,0,0,0,lavive_04
07/14/2011 14:20:17 - 1504	M	93,-1,lavive_04
07/14/2011 14:20:17 - 1504	M	99,-1,lavive_04
07/14/2011 14:20:17 - 150013	P	99,1,0,0,0,0,0,lavive_04
07/14/2011 14:20:18 - 150013	P	93,1,0,0,0,0,0,lavive_04
07/14/2011 14:20:23 - 1504	M	93,-1,lavive_04
07/14/2011 14:20:25 - 150013	P	93,1,0,0,0,0,0,lavive_04
07/14/2011 15:02:23 - 1505	M	96,-1,lavive_03
07/14/2011 15:02:23 - 1504	M	93,-1,lavive_03
07/14/2011 15:02:23 - 1504	M	93,-1,lavive_03
07/14/2011 15:02:23 - 1504	M	93,-1,lavive_03
07/14/2011 15:02:23 - 1504	M	94,-1,lavive_03
07/14/2011 15:02:23 - 1504	M	93,-1,lavive_03
07/14/2011 15:02:23 - 1504	M	93,-1,lavive_03
07/14/2011 15:02:23 - 1505	M	96,-1,lavive_03
07/14/2011 15:02:23 - 1505	M	97,-1,lavive_03
07/14/2011 15:02:23 - 1505	M	96,-1,lavive_03
07/14/2011 15:02:23 - 1505	M	97,-1,lavive_03
07/14/2011 15:02:23 - 1505	M	96,-1,lavive_03
07/14/2011 15:02:23 - 1505	M	96,-1,lavive_03
07/14/2011 15:02:23 - 1504	M	93,-1,lavive_03
07/14/2011 15:02:23 - 1504	M	93,-1,lavive_03
07/14/2011 15:02:23 - 1505	M	96,-1,lavive_03
07/14/2011 15:02:23 - 1504	M	93,-1,lavive_03
07/14/2011 15:02:23 - 1504	M	93,-1,lavive_03
07/14/2011 15:03:06 - 1081	L	96,1,0,0,0,0,0,lavive_03
07/14/2011 15:03:07 - 1081	L	96,1,0,0,0,0,0,lavive_03
07/14/2011 15:03:49 - 1081	L	96,-1,0,0,0,0,0,lavive_03
07/14/2011 15:03:49 - 1081	L	96,-1,0,0,0,0,0,lavive_03
07/14/2011 15:03:56 - 1083	L	96,1,0,0,0,0,0,lavive_03
07/14/2011 15:03:57 - 1083	L	96,1,0,0,0,0,0,lavive_03
07/14/2011 15:04:04 - 1083	L	96,-1,0,0,0,0,0,lavive_03
07/14/2011 15:04:04 - 1083	L	96,-1,0,0,0,0,0,lavive_03
07/14/2011 15:04:15 - 1505	M	96,-1,lavive_03
07/14/2011 15:04:15 - 1505	M	96,-1,lavive_03
07/14/2011 15:04:15 - 1504	M	93,-1,lavive_03
07/14/2011 15:04:15 - 1505	M	96,-1,lavive_03
07/14/2011 15:04:15 - 1505	M	96,-1,lavive_03
07/14/2011 15:04:15 - 1504	M	93,-1,lavive_03
07/14/2011 15:04:15 - 1504	M	93,-1,lavive_03
07/14/2011 15:04:15 - 1504	M	94,-1,lavive_03
07/14/2011 15:04:15 - 1505	M	96,-1,lavive_03
07/14/2011 15:04:15 - 1505	M	96,-1,lavive_03
07/14/2011 15:04:15 - 1504	M	93,-1,lavive_03
07/14/2011 15:04:15 - 1504	M	94,-1,lavive_03
07/14/2011 15:04:15 - 1504	M	93,-1,lavive_03
07/14/2011 15:04:50 - 1083	L	93,1,0,0,0,0,0,lavive_03
07/14/2011 15:04:50 - 1083	L	94,1,0,0,0,0,0,lavive_03
07/14/2011 15:04:52 - 1081	L	96,1,0,0,0,0,0,lavive_03
07/14/2011 15:04:53 - 1081	L	96,1,0,0,0,0,0,lavive_03
07/14/2011 15:05:50 - 1505	M	96,-1,lavive_03
07/14/2011 15:05:50 - 1505	M	96,-1,lavive_03
07/14/2011 15:05:50 - 1505	M	99,-1,lavive_03
07/14/2011 15:05:50 - 1505	M	96,-1,lavive_03
07/14/2011 15:05:50 - 1505	M	96,-1,lavive_03
07/14/2011 15:05:50 - 1504	M	93,-1,lavive_03
07/14/2011 15:05:50 - 1504	M	93,-1,lavive_03
07/14/2011 15:05:50 - 1505	M	96,-1,lavive_03
07/14/2011 15:05:50 - 1505	M	96,-1,lavive_03
07/14/2011 15:05:50 - 1504	M	93,-1,lavive_03
07/14/2011 15:05:50 - 1504	M	93,-1,lavive_03
07/14/2011 15:05:50 - 1504	M	93,-1,lavive_03
07/14/2011 15:05:50 - 1083	L	93,-1,0,0,0,0,0,lavive_03
07/14/2011 15:05:50 - 1083	L	94,-1,0,0,0,0,0,lavive_03
07/14/2011 15:05:50 - 1081	L	96,-1,0,0,0,0,0,lavive_03
07/14/2011 15:05:50 - 1081	L	96,-1,0,0,0,0,0,lavive_03
07/14/2011 15:05:50 - 1504	M	93,-1,lavive_03
07/14/2011 15:05:50 - 1504	M	93,-1,lavive_03
07/14/2011 15:05:50 - 1505	M	96,-1,lavive_03
07/14/2011 15:05:50 - 1505	M	99,-1,lavive_03
07/14/2011 15:39:37 - 1504	M	93,-1,lavive_02
07/14/2011 15:39:38 - 150013	P	93,1,0,0,0,0,0,lavive_02
07/14/2011 17:20:50 - 1504	M	93,-1,lavive_04
07/14/2011 17:20:53 - 1079	L	93,1,0,0,0,0,0,lavive_04
07/14/2011 20:12:17 - 1504	M	93,-1,lavive_03
07/14/2011 20:12:18 - 150001	P	93,1,0,0,0,0,0,lavive_03
07/14/2011 20:12:31 - 1504	M	93,-1,lavive_03
07/14/2011 20:12:31 - 1504	M	93,-1,lavive_03
07/14/2011 20:12:32 - 150001	P	93,1,0,0,0,0,0,lavive_03
07/14/2011 20:12:55 - 1081	L	93,1,0,0,0,0,0,lavive_03
07/14/2011 20:13:23 - 1505	M	96,-1,lavive_02
07/14/2011 20:13:25 - 150001	P	96,1,0,0,0,0,0,lavive_02
07/14/2011 20:13:26 - 1504	M	93,-1,lavive_02
07/14/2011 20:13:27 - 150001	P	93,1,0,0,0,0,0,lavive_02
07/15/2011 11:02:27 - 150001	A	1201,1,lavive_03
07/15/2011 11:03:13 - 1505	M	96,-1,lavive_03
07/15/2011 11:03:13 - 1505	M	96,-1,lavive_03
07/15/2011 11:03:20 - 1083	L	96,1,0,0,0,0,0,lavive_03
07/15/2011 11:03:21 - 1083	L	96,1,0,0,0,0,0,lavive_03
07/15/2011 11:07:10 - 1504	M	93,-1,lavive_03
07/15/2011 11:07:10 - 1504	M	99,-1,lavive_03
07/15/2011 11:07:12 - 1083	L	99,1,0,0,0,0,0,lavive_03
07/15/2011 11:07:12 - 1083	L	93,1,0,0,0,0,0,lavive_03
07/15/2011 11:07:14 - 1083	L	99,-1,0,0,0,0,0,lavive_03
07/15/2011 11:07:14 - 1083	L	93,-1,0,0,0,0,0,lavive_03
07/15/2011 11:07:16 - 1081	L	99,1,0,0,0,0,0,lavive_03
07/15/2011 11:07:16 - 1081	L	93,1,0,0,0,0,0,lavive_03
07/15/2011 11:07:18 - 1081	L	99,-1,0,0,0,0,0,lavive_03
07/15/2011 11:07:18 - 1081	L	93,-1,0,0,0,0,0,lavive_03
07/15/2011 11:07:24 - 1081	L	99,1,0,0,0,0,0,lavive_03
07/15/2011 11:07:24 - 1081	L	93,1,0,0,0,0,0,lavive_03
07/15/2011 13:03:17 - 1504	M	93,-1,lavive_03
07/15/2011 13:03:17 - 1504	M	93,-1,lavive_03
07/15/2011 13:03:20 - 1082	L	93,1,0,0,0,0,0,lavive_03
07/15/2011 13:03:21 - 1082	L	93,1,0,0,0,0,0,lavive_03
07/15/2011 13:06:00 - 1505	M	96,-1,lavive_03
07/15/2011 13:06:01 - 150001	P	96,1,0,0,0,0,0,lavive_03
07/15/2011 13:22:34 - 1504	M	93,-1,lavive_03
07/15/2011 13:22:37 - 150001	P	93,1,0,0,0,0,0,lavive_03
07/15/2011 13:43:31 - 1505	M	96,-1,lavive_03
07/15/2011 13:43:31 - 1505	M	96,-1,lavive_03
07/15/2011 18:04:01 - 1504	M	93,-1,lavive_03
07/15/2011 18:04:01 - 1504	M	93,-1,lavive_03
07/15/2011 18:04:03 - 150001	P	93,1,0,0,0,0,0,lavive_03
07/15/2011 18:04:03 - 150001	P	93,1,0,0,0,0,0,lavive_03
07/15/2011 18:07:31 - 1504	M	93,-1,lavive_03
07/15/2011 18:07:31 - 1504	M	93,-1,lavive_03
07/15/2011 18:07:32 - 150001	P	93,1,0,0,0,0,0,lavive_03
07/15/2011 18:07:33 - 150001	P	93,1,0,0,0,0,0,lavive_03
07/15/2011 18:33:58 - 1504	M	93,-1,lavive_03
07/15/2011 18:33:59 - 150001	P	93,1,0,0,0,0,0,lavive_03
07/15/2011 18:39:23 - 1505	M	96,-1,lavive_03
07/15/2011 18:39:23 - 1505	M	96,-1,lavive_03
07/15/2011 18:39:25 - 1081	L	96,1,0,0,0,0,0,lavive_03
07/15/2011 18:39:27 - 1081	L	96,1,0,0,0,0,0,lavive_03
07/15/2011 18:39:28 - 1081	L	96,-1,0,0,0,0,0,lavive_03
07/15/2011 18:39:28 - 1081	L	96,-1,0,0,0,0,0,lavive_03
07/15/2011 18:39:28 - 1082	L	96,1,0,0,0,0,0,lavive_03
07/15/2011 18:39:28 - 1082	L	96,1,0,0,0,0,0,lavive_03
07/15/2011 18:39:43 - 1082	L	96,-1,0,0,0,0,0,lavive_03
07/15/2011 18:39:43 - 1082	L	96,-1,0,0,0,0,0,lavive_03
07/15/2011 18:39:55 - 1082	L	96,1,0,0,0,0,0,lavive_03
07/15/2011 18:39:57 - 1082	L	96,1,0,0,0,0,0,lavive_03
07/15/2011 18:50:53 - 1505	M	96,-1,lavive_04
07/15/2011 18:50:53 - 150001	P	96,1,0,0,0,0,0,lavive_04
07/15/2011 18:51:17 - 1505	M	96,-1,lavive_03
07/15/2011 18:51:17 - 1505	M	96,-1,lavive_03
07/15/2011 18:51:18 - 150001	P	96,1,0,0,0,0,0,lavive_03
07/15/2011 18:51:18 - 150001	P	96,1,0,0,0,0,0,lavive_03
07/15/2011 18:51:21 - 1505	M	96,-1,lavive_03
07/15/2011 18:51:21 - 1505	M	97,-1,lavive_03
07/15/2011 18:57:30 - 1501	M	84,-1,lavive_03
07/15/2011 18:57:30 - 1501	M	99,-1,lavive_03
07/15/2011 18:57:31 - 150001	P	84,1,0,0,0,0,0,lavive_03
07/15/2011 18:57:32 - 150001	P	99,1,0,0,0,0,0,lavive_03
07/15/2011 18:57:33 - 1502	M	87,-1,lavive_03
07/15/2011 18:57:33 - 1502	M	87,-1,lavive_03
07/15/2011 18:57:34 - 150001	P	87,1,0,0,0,0,0,lavive_03
07/15/2011 18:57:35 - 150001	P	87,1,0,0,0,0,0,lavive_03
07/15/2011 19:10:17 - 1505	M	96,-1,lavive_03
07/15/2011 19:10:18 - 1081	L	96,1,0,0,0,0,0,lavive_03
07/15/2011 19:50:48 - 1505	M	96,-1,lavive_03
07/15/2011 19:50:48 - 1505	M	96,-1,lavive_03
07/15/2011 19:50:49 - 150001	P	96,1,0,0,0,0,0,lavive_03
07/15/2011 19:50:49 - 150001	P	96,1,0,0,0,0,0,lavive_03
07/15/2011 19:51:56 - 1505	M	96,-1,lavive_03
07/15/2011 20:13:17 - 1504	M	93,-1,lavive_03
07/15/2011 20:35:35 - 1504	M	93,-1,lavive_03
07/15/2011 20:35:35 - 150001	P	93,1,0,0,0,0,0,lavive_03
07/15/2011 20:58:54 - 1505	M	96,-1,lavive_03
07/15/2011 20:58:54 - 1505	M	99,-1,lavive_03
07/15/2011 20:58:55 - 150001	P	99,1,0,0,0,0,0,lavive_03
07/15/2011 20:58:55 - 150001	P	96,1,0,0,0,0,0,lavive_03
07/15/2011 20:59:03 - 1504	M	93,-1,lavive_03
07/15/2011 20:59:03 - 1504	M	93,-1,lavive_03
07/15/2011 20:59:04 - 1505	M	96,-1,lavive_03
07/15/2011 20:59:06 - 150001	P	96,1,0,0,0,0,0,lavive_03
07/15/2011 20:59:06 - 1081	L	93,1,0,0,0,0,0,lavive_03
07/15/2011 20:59:06 - 150001	P	93,1,0,0,0,0,0,lavive_03
07/15/2011 21:29:04 - 1504	M	93,-1,lavive_03
07/15/2011 21:29:04 - 1504	M	93,-1,lavive_03
07/15/2011 21:29:06 - 150009	P	93,1,0,0,0,0,0,lavive_03
07/15/2011 21:29:07 - 150009	P	93,1,0,0,0,0,0,lavive_03
07/15/2011 21:30:55 - 1504	M	93,-1,lavive_03
07/15/2011 21:30:55 - 150009	P	93,1,0,0,0,0,0,lavive_03
07/15/2011 22:21:02 - 1504	M	93,-1,lavive_04
07/15/2011 22:21:05 - 150014	P	93,1,0,0,0,0,0,lavive_04
07/15/2011 22:21:17 - 1505	M	96,-1,lavive_04
07/15/2011 22:21:18 - 1504	M	93,-1,lavive_04
07/15/2011 22:21:19 - 150014	P	96,1,0,0,0,0,0,lavive_04
07/15/2011 22:21:20 - 150014	P	93,1,0,0,0,0,0,lavive_04
07/15/2011 22:21:21 - 1505	M	96,-1,lavive_04
07/15/2011 22:21:21 - 1505	M	96,-1,lavive_04
07/15/2011 22:21:21 - 1505	M	99,-1,lavive_04
07/15/2011 22:21:22 - 150014	P	99,1,0,0,0,0,0,lavive_04
07/15/2011 22:21:22 - 150014	P	96,1,0,0,0,0,0,lavive_04
07/15/2011 22:21:23 - 150014	P	96,1,0,0,0,0,0,lavive_04
07/15/2011 22:22:14 - 1505	M	96,-1,lavive_04
07/15/2011 22:22:14 - 1505	M	96,-1,lavive_04
07/15/2011 22:22:14 - 1079	L	96,1,0,0,0,0,0,lavive_04
07/15/2011 22:22:14 - 1079	L	96,1,0,0,0,0,0,lavive_04
07/15/2011 22:22:17 - 1505	M	96,-1,lavive_04
07/15/2011 22:22:17 - 1505	M	96,-1,lavive_04
07/15/2011 22:22:19 - 1079	L	96,1,0,0,0,0,0,lavive_04
07/15/2011 22:22:19 - 1079	L	96,1,0,0,0,0,0,lavive_04
07/15/2011 22:23:32 - 1505	M	96,-1,lavive_04
07/15/2011 22:23:32 - 1505	M	96,-1,lavive_04
07/15/2011 22:23:33 - 150014	P	96,1,0,0,0,0,0,lavive_04
07/15/2011 22:23:34 - 150014	P	96,1,0,0,0,0,0,lavive_04
07/16/2011 01:02:34 - 1504	M	93,-1,lavive_04
07/16/2011 01:02:35 - 1080	L	93,1,0,0,0,0,0,lavive_04
07/16/2011 02:13:50 - 1505	M	96,-1,lavive_01
07/16/2011 02:13:50 - 1505	M	96,-1,lavive_01
07/16/2011 02:13:52 - 1011	L	96,1,0,0,0,0,0,lavive_01
07/16/2011 02:13:52 - 1011	L	96,1,0,0,0,0,0,lavive_01
07/16/2011 02:13:53 - 1011	L	96,-1,0,0,0,0,0,lavive_01
07/16/2011 02:13:53 - 1011	L	96,-1,0,0,0,0,0,lavive_01
07/16/2011 02:13:58 - 1008	L	96,1,0,0,0,0,0,lavive_01
07/16/2011 02:13:59 - 1008	L	96,1,0,0,0,0,0,lavive_01
07/16/2011 02:14:27 - 1505	M	96,-1,lavive_02
07/16/2011 02:14:27 - 1505	M	96,-1,lavive_02
07/16/2011 02:14:29 - 1080	L	96,1,0,0,0,0,0,lavive_02
07/16/2011 02:16:00 - 1504	M	93,-1,lavive_03
07/16/2011 02:16:02 - 1083	L	93,1,0,0,0,0,0,lavive_03
07/16/2011 02:16:55 - 1505	M	96,-1,lavive_04
07/16/2011 02:16:55 - 1505	M	96,-1,lavive_04
07/16/2011 02:16:56 - 1080	L	96,1,0,0,0,0,0,lavive_04
07/16/2011 02:16:59 - 1504	M	93,-1,lavive_04
07/16/2011 02:17:06 - 1504	M	93,-1,lavive_04
07/16/2011 02:17:06 - 1504	M	94,-1,lavive_04
07/16/2011 02:17:07 - 150014	P	94,1,0,0,0,0,0,lavive_04
07/16/2011 02:17:07 - 150014	P	93,1,0,0,0,0,0,lavive_04
07/16/2011 22:29:03 - 150015	A	1201,1,lavive_01
07/16/2011 22:29:42 - 1505	M	96,-1,lavive_01
07/16/2011 22:29:43 - 150015	P	96,1,0,0,0,0,0,lavive_01
07/16/2011 22:30:27 - 150015	P	96,-1,0,0,0,0,0,lavive_01
07/16/2011 22:30:28 - 1011	L	96,1,0,0,0,0,0,lavive_01
07/16/2011 22:30:35 - 1011	L	96,-1,0,0,0,0,0,lavive_01
07/16/2011 22:30:37 - 150015	P	96,1,0,0,0,0,0,lavive_01
07/16/2011 22:30:40 - 1504	M	93,-1,lavive_01
07/16/2011 22:30:42 - 150015	P	93,1,0,0,0,0,0,lavive_01
07/16/2011 22:31:19 - 1505	M	96,-1,lavive_04
07/16/2011 22:32:10 - 1504	M	93,-1,lavive_04
07/16/2011 22:32:16 - 1079	L	93,1,0,0,0,0,0,lavive_04
07/16/2011 22:32:19 - 1504	M	93,-1,lavive_04
07/16/2011 22:32:20 - 150015	P	93,1,0,0,0,0,0,lavive_04
07/16/2011 22:33:15 - 1505	M	96,-1,lavive_04
07/16/2011 22:33:15 - 1505	M	96,-1,lavive_04
07/16/2011 22:33:17 - 150015	P	96,1,0,0,0,0,0,lavive_04
07/16/2011 22:33:17 - 150015	P	96,1,0,0,0,0,0,lavive_04
07/16/2011 22:33:30 - 1504	M	93,-1,lavive_04
07/16/2011 22:33:31 - 150015	P	93,1,0,0,0,0,0,lavive_04
07/16/2011 22:33:41 - 1505	M	96,-1,lavive_04
07/16/2011 22:33:41 - 1505	M	96,-1,lavive_04
07/16/2011 22:33:42 - 150015	P	96,1,0,0,0,0,0,lavive_04
07/16/2011 22:33:42 - 150015	P	96,1,0,0,0,0,0,lavive_04
07/16/2011 22:33:44 - 1505	M	96,-1,lavive_04
07/16/2011 22:33:44 - 1505	M	99,-1,lavive_04
07/16/2011 22:33:47 - 150015	P	99,1,0,0,0,0,0,lavive_04
07/16/2011 22:33:48 - 150015	P	96,1,0,0,0,0,0,lavive_04
07/16/2011 22:33:53 - 1504	M	93,-1,lavive_03
07/16/2011 22:33:53 - 1504	M	93,-1,lavive_03
07/16/2011 22:33:54 - 150015	P	93,1,0,0,0,0,0,lavive_03
07/16/2011 22:34:11 - 1081	L	93,1,0,0,0,0,0,lavive_03
07/16/2011 22:34:18 - 1504	M	93,-1,lavive_03
07/16/2011 22:34:18 - 1504	M	93,-1,lavive_03
07/16/2011 22:34:18 - 1504	M	94,-1,lavive_03
07/16/2011 22:34:19 - 150015	P	93,1,0,0,0,0,0,lavive_03
07/16/2011 22:34:23 - 1081	L	93,1,0,0,0,0,0,lavive_03
07/16/2011 22:34:24 - 1081	L	94,1,0,0,0,0,0,lavive_03
07/16/2011 22:34:58 - 1504	M	93,-1,lavive_03
07/16/2011 22:34:58 - 1504	M	93,-1,lavive_03
07/16/2011 22:34:59 - 150015	P	93,1,0,0,0,0,0,lavive_03
07/16/2011 22:34:59 - 150015	P	93,1,0,0,0,0,0,lavive_03
07/16/2011 22:35:36 - 1081	L	93,-1,0,0,0,0,0,lavive_03
07/16/2011 22:35:38 - 150015	P	93,1,0,0,0,0,0,lavive_03
07/16/2011 22:35:44 - 1504	M	93,-1,lavive_03
07/16/2011 22:35:44 - 1504	M	93,-1,lavive_03
07/16/2011 22:35:45 - 150015	P	93,1,0,0,0,0,0,lavive_03
07/16/2011 22:35:45 - 150015	P	93,1,0,0,0,0,0,lavive_03
07/16/2011 22:35:59 - 1504	M	93,-1,lavive_03
07/16/2011 22:35:59 - 1504	M	93,-1,lavive_03
07/16/2011 22:35:59 - 1504	M	94,-1,lavive_03
07/16/2011 22:36:00 - 150015	P	94,1,0,0,0,0,0,lavive_03
07/16/2011 22:36:01 - 150015	P	93,1,0,0,0,0,0,lavive_03
07/16/2011 22:36:01 - 150015	P	93,1,0,0,0,0,0,lavive_03
07/16/2011 22:36:53 - 1505	M	96,-1,lavive_02
07/16/2011 22:36:53 - 1505	M	99,-1,lavive_02
07/16/2011 22:36:54 - 150015	P	99,1,0,0,0,0,0,lavive_02
07/16/2011 22:36:55 - 150015	P	96,1,0,0,0,0,0,lavive_02
07/16/2011 22:37:05 - 1505	M	96,-1,lavive_02
07/16/2011 22:37:05 - 1505	M	96,-1,lavive_02
07/16/2011 22:37:05 - 150015	P	96,1,0,0,0,0,0,lavive_02
07/16/2011 22:37:06 - 150015	P	96,1,0,0,0,0,0,lavive_02
07/16/2011 22:37:17 - 1504	M	93,-1,lavive_02
07/16/2011 22:37:19 - 1080	L	93,1,0,0,0,0,0,lavive_02
07/16/2011 22:38:35 - 1504	M	93,-1,lavive_01
07/16/2011 22:38:36 - 150008	P	93,1,0,0,0,0,0,lavive_01
07/16/2011 22:42:53 - 1504	M	93,-1,lavive_04
07/16/2011 22:42:53 - 1504	M	99,-1,lavive_04
07/16/2011 22:42:54 - 150008	P	99,1,0,0,0,0,0,lavive_04
07/16/2011 22:42:54 - 150008	P	93,1,0,0,0,0,0,lavive_04
07/16/2011 22:43:39 - 1505	M	96,-1,lavive_04
07/16/2011 22:43:54 - 1504	M	93,-1,lavive_04
07/16/2011 22:43:57 - 1079	L	93,1,0,0,0,0,0,lavive_04
07/16/2011 22:55:21 - 1505	M	96,-1,lavive_01
07/16/2011 22:55:21 - 1505	M	96,-1,lavive_01
07/16/2011 22:55:21 - 1505	M	99,-1,lavive_01
07/16/2011 22:55:23 - 150008	P	96,1,0,0,0,0,0,lavive_01
07/16/2011 22:55:24 - 150008	P	96,1,0,0,0,0,0,lavive_01
07/16/2011 22:55:24 - 150008	P	99,1,0,0,0,0,0,lavive_01
07/16/2011 22:56:04 - 1504	M	93,-1,lavive_04
07/16/2011 22:56:04 - 1504	M	93,-1,lavive_04
07/16/2011 22:56:06 - 150008	P	93,1,0,0,0,0,0,lavive_04
07/16/2011 22:56:06 - 150008	P	93,1,0,0,0,0,0,lavive_04
07/16/2011 22:56:12 - 1504	M	93,-1,lavive_04
07/16/2011 22:56:18 - 1079	L	93,1,0,0,0,0,0,lavive_04
07/16/2011 22:58:27 - 1505	M	96,-1,lavive_01
07/16/2011 22:58:27 - 1505	M	99,-1,lavive_01
07/16/2011 22:58:28 - 1011	L	99,1,0,0,0,0,0,lavive_01
07/16/2011 22:58:28 - 150008	P	96,1,0,0,0,0,0,lavive_01
07/16/2011 22:59:10 - 1504	M	93,-1,lavive_04
07/16/2011 22:59:10 - 1504	M	93,-1,lavive_04
07/16/2011 22:59:11 - 150008	P	93,1,0,0,0,0,0,lavive_04
07/16/2011 22:59:14 - 1078	L	93,1,0,0,0,0,0,lavive_04
07/16/2011 22:59:28 - 1505	M	96,-1,lavive_04
07/16/2011 22:59:28 - 1505	M	97,-1,lavive_04
07/16/2011 22:59:30 - 1080	L	97,1,0,0,0,0,0,lavive_04
07/16/2011 22:59:32 - 1080	L	96,1,0,0,0,0,0,lavive_04
07/16/2011 22:59:37 - 1505	M	96,-1,lavive_04
07/16/2011 22:59:37 - 1505	M	96,-1,lavive_04
07/16/2011 22:59:38 - 150008	P	96,1,0,0,0,0,0,lavive_04
07/16/2011 22:59:42 - 1080	L	96,1,0,0,0,0,0,lavive_04
07/16/2011 23:00:19 - 1504	M	93,-1,lavive_04
07/16/2011 23:00:19 - 1504	M	93,-1,lavive_04
07/16/2011 23:00:20 - 150008	P	93,1,0,0,0,0,0,lavive_04
07/16/2011 23:00:21 - 150008	P	93,1,0,0,0,0,0,lavive_04
07/16/2011 23:00:32 - 150008	C	83,-1,0,0,0,0,0,lavive_04
07/16/2011 23:00:49 - 1505	M	96,-1,lavive_04
07/16/2011 23:00:50 - 150008	P	96,1,0,0,0,0,0,lavive_04
07/16/2011 23:00:54 - 1504	M	93,-1,lavive_04
07/16/2011 23:00:55 - 150008	P	93,1,0,0,0,0,0,lavive_04
07/16/2011 23:01:56 - 1505	M	96,-1,lavive_03
07/16/2011 23:01:57 - 150008	P	96,1,0,0,0,0,0,lavive_03
07/17/2011 02:43:09 - 1505	M	96,-1,lavive_01
07/17/2011 02:43:15 - 150008	P	96,1,0,0,0,0,0,lavive_01
07/17/2011 02:44:01 - 1504	M	93,-1,lavive_02
07/17/2011 02:44:06 - 1079	L	93,1,0,0,0,0,0,lavive_02
07/17/2011 02:44:06 - 1504	M	93,-1,lavive_02
07/17/2011 02:44:06 - 1504	M	93,-1,lavive_02
07/17/2011 02:44:07 - 150008	P	93,1,0,0,0,0,0,lavive_02
07/17/2011 02:44:08 - 150008	P	93,1,0,0,0,0,0,lavive_02
07/17/2011 02:44:10 - 1504	M	93,-1,lavive_02
07/17/2011 02:44:10 - 150008	P	93,1,0,0,0,0,0,lavive_02
07/17/2011 02:44:16 - 1504	M	93,-1,lavive_02
07/17/2011 02:45:06 - 150008	P	82,-1,0,0,0,0,0,lavive_04
07/17/2011 02:45:06 - 150008	P	1201,-1,0,0,0,0,0,lavive_04
07/17/2011 02:45:06 - 150008	P	81,-1,0,0,0,0,0,lavive_04
07/17/2011 02:45:06 - 150008	P	93,-11,0,0,0,0,0,lavive_04
07/17/2011 02:45:06 - 150008	P	99,-2,0,0,0,0,0,lavive_04
07/17/2011 02:45:06 - 150008	P	96,-7,0,0,0,0,0,lavive_04
07/17/2011 02:45:06 - 1080	L	99,2,0,0,0,0,0,lavive_04
07/17/2011 02:45:06 - 1080	L	96,7,0,0,0,0,0,lavive_04
07/17/2011 02:45:06 - 1080	L	82,1,0,0,0,0,0,lavive_04
07/17/2011 02:45:08 - 1080	L	93,11,0,0,0,0,0,lavive_04
07/17/2011 02:45:08 - 1080	L	81,1,0,0,0,0,0,lavive_04
07/17/2011 02:45:08 - 1080	L	1201,1,0,0,0,0,0,lavive_04
07/17/2011 14:14:17 - 1505	M	96,-1,lavive_01
07/17/2011 14:14:17 - 1504	M	93,-1,lavive_01
07/17/2011 14:14:17 - 1504	M	93,-1,lavive_01
07/17/2011 16:50:15 - 1505	M	96,-1,lavive_05
07/17/2011 16:50:15 - 1505	M	96,-1,lavive_05
07/17/2011 16:50:17 - 1083	L	96,1,0,0,0,0,0,lavive_05
07/17/2011 16:50:19 - 1083	L	96,1,0,0,0,0,0,lavive_05
07/17/2011 18:23:45 - 1505	M	96,-1,lavive_01
07/17/2011 18:23:53 - 150008	P	96,1,0,0,0,0,0,lavive_01
07/17/2011 18:24:45 - 1504	M	93,-1,lavive_01
07/17/2011 18:24:45 - 1504	M	93,-1,lavive_01
07/17/2011 18:25:29 - 1011	L	93,1,0,0,0,0,0,lavive_01
07/17/2011 18:25:29 - 1011	L	93,1,0,0,0,0,0,lavive_01
07/17/2011 18:25:35 - 1011	L	93,-1,0,0,0,0,0,lavive_01
07/17/2011 18:25:35 - 1011	L	93,-1,0,0,0,0,0,lavive_01
07/17/2011 18:25:51 - 1504	M	93,-1,lavive_01
07/17/2011 18:26:45 - 1008	L	93,1,0,0,0,0,0,lavive_01
07/17/2011 19:09:48 - 1504	M	93,-1,lavive_01
07/17/2011 19:11:16 - 1505	M	96,-1,lavive_01
07/17/2011 19:11:16 - 1505	M	99,-1,lavive_01
07/17/2011 19:11:16 - 1504	M	93,-1,lavive_01
07/17/2011 19:16:47 - 1505	M	96,-1,lavive_01
07/17/2011 19:16:47 - 1505	M	96,-1,lavive_01
07/17/2011 19:17:51 - 1504	M	93,-1,lavive_01
07/17/2011 19:51:53 - 1505	M	96,-1,lavive_06
07/17/2011 19:51:59 - 1078	L	96,1,0,0,0,0,0,lavive_06
07/17/2011 19:52:42 - 1078	L	96,-1,0,0,0,0,0,lavive_06
07/17/2011 21:43:52 - 1505	M	96,-1,lavive_01
07/17/2011 21:43:52 - 1505	M	96,-1,lavive_01
07/17/2011 21:53:42 - 1505	M	96,-1,lavive_01
07/17/2011 21:53:42 - 1505	M	96,-1,lavive_01
07/17/2011 21:54:31 - 1505	M	96,-1,lavive_01
07/17/2011 21:54:31 - 1505	M	96,-1,lavive_01
07/17/2011 22:07:14 - 1505	M	96,-1,lavive_01
07/17/2011 22:07:22 - 1505	M	96,-1,lavive_06
07/17/2011 22:07:22 - 1505	M	96,-1,lavive_06
07/17/2011 22:07:38 - 1504	M	93,-1,lavive_06
07/17/2011 22:07:38 - 1504	M	93,-1,lavive_06
07/17/2011 22:07:38 - 1504	M	94,-1,lavive_06
07/17/2011 22:07:39 - 1078	L	96,1,0,0,0,0,0,lavive_06
07/17/2011 22:07:39 - 1080	L	96,1,0,0,0,0,0,lavive_06
07/17/2011 22:24:22 - 1504	M	93,-1,lavive_01
07/17/2011 22:25:06 - 1011	L	93,1,0,0,0,0,0,lavive_01
07/17/2011 22:25:06 - 1011	L	93,-1,0,0,0,0,0,lavive_01
07/17/2011 22:25:14 - 150008	P	93,1,0,0,0,0,0,lavive_01
07/17/2011 22:27:11 - 1505	M	96,-1,lavive_01
07/17/2011 22:27:18 - 150008	P	96,1,0,0,0,0,0,lavive_01
07/17/2011 22:27:51 - 1505	M	96,-1,lavive_01
07/17/2011 22:28:08 - 150008	P	96,1,0,0,0,0,0,lavive_01
07/17/2011 22:53:47 - 1504	M	93,-1,lavive_01
07/17/2011 22:53:47 - 1504	M	94,-1,lavive_01
07/17/2011 22:58:42 - 1505	M	96,-1,lavive_01
07/17/2011 22:58:42 - 1505	M	96,-1,lavive_01
07/18/2011 12:03:31 - 1504	M	93,-1,lavive_01
07/18/2011 12:03:31 - 1504	M	99,-1,lavive_01
07/18/2011 12:03:35 - 1505	M	96,-1,lavive_01
07/18/2011 12:43:33 - 1504	M	93,-1,lavive_01
07/18/2011 12:43:33 - 1504	M	93,-1,lavive_01
07/18/2011 12:50:19 - 1504	M	93,-1,lavive_01
07/18/2011 12:50:19 - 1504	M	93,-1,lavive_01
07/18/2011 12:50:35 - 1505	M	96,-1,lavive_01
07/18/2011 12:53:47 - 1505	M	96,-1,lavive_01
07/18/2011 12:54:15 - 1505	M	96,-1,lavive_01
07/18/2011 13:05:53 - 150008	A	1201,1,lavive_01
07/18/2011 14:39:20 - 1504	M	93,-1,lavive_01
07/18/2011 15:13:08 - 1504	M	93,-1,lavive_03
07/18/2011 15:13:08 - 1504	M	93,-1,lavive_03
07/18/2011 15:13:11 - 1081	L	93,1,0,0,0,0,0,lavive_03
07/18/2011 15:13:12 - 1081	L	93,1,0,0,0,0,0,lavive_03
07/18/2011 15:13:18 - 1081	L	93,-1,0,0,0,0,0,lavive_03
07/18/2011 15:13:18 - 1081	L	93,-1,0,0,0,0,0,lavive_03
07/19/2011 15:42:50 - 1505	M	96,-1,lavive_01
07/19/2011 15:43:28 - 1504	M	93,-1,lavive_01
07/19/2011 15:43:30 - 150008	P	93,1,0,0,0,0,0,lavive_01
07/20/2011 17:31:25 - 1505	M	96,-1,lavive_01
07/20/2011 17:39:47 - 1504	M	93,-1,lavive_01
07/20/2011 17:40:35 - 150028	P	2301,-1,0,0,0,0,0,lavive_01
07/20/2011 17:55:53 - 1504	M	93,-1,lavive_02
07/20/2011 18:00:04 - 1504	M	93,-1,lavive_02
07/20/2011 18:00:07 - 150029	P	93,1,0,0,0,0,0,lavive_02
07/20/2011 18:00:11 - 150029	C	93,-1,0,0,0,0,0,lavive_02
07/20/2011 18:00:35 - 1504	M	93,-1,lavive_02
07/20/2011 18:00:35 - 1504	M	93,-1,lavive_02
07/20/2011 18:00:46 - 1079	L	93,1,0,0,0,0,0,lavive_02
07/20/2011 18:01:35 - 1504	M	93,-1,lavive_02
07/20/2011 18:01:35 - 1504	M	93,-1,lavive_02
07/20/2011 18:01:41 - 1079	L	93,-1,0,0,0,0,0,lavive_02
07/20/2011 18:23:46 - 1505	M	96,-1,lavive_01
07/20/2011 18:23:46 - 1505	M	96,-1,lavive_01
07/20/2011 18:23:46 - 1505	M	99,-1,lavive_01
